<?xml version="1.0" ?>
<testsuites errors="0" failures="0" name="ABLUnit" tests="2"><testsuite classname="ABLUnitTest1" errors="0" failures="0" id="1" name="C:\Users\gquer\Projets\sonaroe-test-full\src\tests\ABLUnitTest1.cls" skipped="0" tests="1" time=",003"><properties><property name="proversion" value="12.3.0.0.1073.ALPHA"/><property name="process-architecture" value="64"/><property name="opsys" value="WIN32"/><property name="window-system" value="TTY"/><property name="cpinternal" value="ISO8859-1"/><property name="startup-parameters" value="-pf C:\Progress\OpenEdge-12.3\startup.pf,-cpinternal ISO8859-1,-cpstream ISO8859-1,-cpcoll Basic,-cpcase French,-d dmy,-numsep 46,-numdec 44,(end .pf),-b,-q,-param CFG=C:\Users\gquer\AppData\Local\Temp\ablunit237178955.out,-profile C:\Users\gquer\AppData\Local\Temp\prof245188164.pf,-p C:\Users\gquer\AppData\Local\Temp\pctinit41470172.p"/></properties><testcase classname="ABLUnitTest1" name="test1" status="Success" time="0"/></testsuite><testsuite classname="ABLUnitTest2" errors="0" failures="0" id="3" name="C:\Users\gquer\Projets\sonaroe-test-full\src\tests\ABLUnitTest2.cls" skipped="0" tests="1" time="0"><properties><property name="proversion" value="12.3.0.0.1073.ALPHA"/><property name="process-architecture" value="64"/><property name="opsys" value="WIN32"/><property name="window-system" value="TTY"/><property name="cpinternal" value="ISO8859-1"/><property name="startup-parameters" value="-pf C:\Progress\OpenEdge-12.3\startup.pf,-cpinternal ISO8859-1,-cpstream ISO8859-1,-cpcoll Basic,-cpcase French,-d dmy,-numsep 46,-numdec 44,(end .pf),-b,-q,-param CFG=C:\Users\gquer\AppData\Local\Temp\ablunit237178955.out,-profile C:\Users\gquer\AppData\Local\Temp\prof245188164.pf,-p C:\Users\gquer\AppData\Local\Temp\pctinit41470172.p"/></properties><testcase classname="ABLUnitTest2" name="test2" status="Success" time="0"/></testsuite></testsuites>